2018-06-03 23:03:52.974  INFO 9260 --- [main] com.common.project.CommonApplication     : Starting CommonApplication on LAPTOP-S0ECN3OQ with PID 9260 (C:\Users\pangshaofei\git\common\target\classes started by pangshaofei in C:\Users\pangshaofei\git\common)
2018-06-03 23:03:52.994 DEBUG 9260 --- [main] com.common.project.CommonApplication     : Running with Spring Boot v2.0.2.RELEASE, Spring v5.0.6.RELEASE
2018-06-03 23:03:52.994  INFO 9260 --- [main] com.common.project.CommonApplication     : No active profile set, falling back to default profiles: default
2018-06-03 23:03:53.044  INFO 9260 --- [main] ConfigServletWebServerApplicationContext : Refreshing org.springframework.boot.web.servlet.context.AnnotationConfigServletWebServerApplicationContext@7b2bbc3: startup date [Sun Jun 03 23:03:53 GMT+08:00 2018]; root of context hierarchy
2018-06-03 23:03:54.092  INFO 9260 --- [main] .s.d.r.c.RepositoryConfigurationDelegate : Multiple Spring Data modules found, entering strict repository configuration mode!
2018-06-03 23:03:54.562  INFO 9260 --- [main] trationDelegate$BeanPostProcessorChecker : Bean 'org.springframework.amqp.rabbit.annotation.RabbitBootstrapConfiguration' of type [org.springframework.amqp.rabbit.annotation.RabbitBootstrapConfiguration$$EnhancerBySpringCGLIB$$9e511c67] is not eligible for getting processed by all BeanPostProcessors (for example: not eligible for auto-proxying)
2018-06-03 23:03:54.662  INFO 9260 --- [main] trationDelegate$BeanPostProcessorChecker : Bean 'org.springframework.transaction.annotation.ProxyTransactionManagementConfiguration' of type [org.springframework.transaction.annotation.ProxyTransactionManagementConfiguration$$EnhancerBySpringCGLIB$$d7e55e39] is not eligible for getting processed by all BeanPostProcessors (for example: not eligible for auto-proxying)
2018-06-03 23:03:55.133  INFO 9260 --- [main] o.s.b.w.embedded.tomcat.TomcatWebServer  : Tomcat initialized with port(s): 8080 (http)
2018-06-03 23:03:55.163  INFO 9260 --- [main] o.apache.catalina.core.StandardService   : Starting service [Tomcat]
2018-06-03 23:03:55.163  INFO 9260 --- [main] org.apache.catalina.core.StandardEngine  : Starting Servlet Engine: Apache Tomcat/8.5.31
2018-06-03 23:03:55.173  INFO 9260 --- [localhost-startStop-1] o.a.catalina.core.AprLifecycleListener   : The APR based Apache Tomcat Native library which allows optimal performance in production environments was not found on the java.library.path: [C:\Program Files\Java\jdk1.8.0_101\bin;C:\WINDOWS\Sun\Java\bin;C:\WINDOWS\system32;C:\WINDOWS;C:\ProgramData\Oracle\Java\javapath;C:\Program Files (x86)\Intel\iCLS Client\;C:\Program Files\Intel\iCLS Client\;C:\windows\system32;C:\windows;C:\windows\System32\Wbem;C:\windows\System32\WindowsPowerShell\v1.0\;C:\Program Files (x86)\Intel\Intel(R) Management Engine Components\DAL;C:\Program Files\Intel\Intel(R) Management Engine Components\DAL;C:\Program Files (x86)\Intel\Intel(R) Management Engine Components\IPT;C:\Program Files\Intel\Intel(R) Management Engine Components\IPT;C:\Program Files (x86)\NVIDIA Corporation\PhysX\Common;C:;C:\Program Files\Java\jdk1.8.0_101\bin;C:\Program Files\Java\jdk1.8.0_101\jre\bin;\Program Files\Intel\WiFi\bin\;C:\Program Files\Common Files\Intel\WirelessCommon\;D:\apache-maven-3.3.9\bin;C:\WINDOWS\system32;C:\WINDOWS;C:\WINDOWS\System32\Wbem;C:\WINDOWS\System32\WindowsPowerShell\v1.0\;D:\mysql-5.7.18-winx64\bin;C:\redis;D:\putty\;C:\Program Files\Intel\WiFi\bin\;C:\Program Files\nodejs\;C:\WINDOWS\System32\OpenSSH\;C:\Program Files\erl9.3\bin;C:\Users\pangshaofei\AppData\Local\Programs\Python\Python36\Scripts\;C:\Users\pangshaofei\AppData\Local\Programs\Python\Python36\;C:\Users\pangshaofei\AppData\Local\Microsoft\WindowsApps;C:\Users\pangshaofei\AppData\Roaming\npm;D:\Microsoft VS Code\bin;C:\hadoop-2.9.0\bin;C:\spark-2.3.0-bin-hadoop2.7\bin;;.]
2018-06-03 23:03:55.353  INFO 9260 --- [localhost-startStop-1] o.a.c.c.C.[Tomcat].[localhost].[/]       : Initializing Spring embedded WebApplicationContext
2018-06-03 23:03:55.353  INFO 9260 --- [localhost-startStop-1] o.s.web.context.ContextLoader            : Root WebApplicationContext: initialization completed in 2309 ms
2018-06-03 23:03:55.583  INFO 9260 --- [localhost-startStop-1] o.s.b.w.servlet.ServletRegistrationBean  : Servlet dispatcherServlet mapped to [/]
2018-06-03 23:03:55.583  INFO 9260 --- [localhost-startStop-1] o.s.b.w.servlet.ServletRegistrationBean  : Servlet statViewServlet mapped to [/druid/*]
2018-06-03 23:03:55.593  INFO 9260 --- [localhost-startStop-1] o.s.b.w.servlet.FilterRegistrationBean   : Mapping filter: 'characterEncodingFilter' to: [/*]
2018-06-03 23:03:55.593  INFO 9260 --- [localhost-startStop-1] o.s.b.w.servlet.FilterRegistrationBean   : Mapping filter: 'hiddenHttpMethodFilter' to: [/*]
2018-06-03 23:03:55.593  INFO 9260 --- [localhost-startStop-1] o.s.b.w.servlet.FilterRegistrationBean   : Mapping filter: 'httpPutFormContentFilter' to: [/*]
2018-06-03 23:03:55.593  INFO 9260 --- [localhost-startStop-1] o.s.b.w.servlet.FilterRegistrationBean   : Mapping filter: 'requestContextFilter' to: [/*]
2018-06-03 23:03:55.593  INFO 9260 --- [localhost-startStop-1] o.s.b.w.servlet.FilterRegistrationBean   : Mapping filter: 'webStatFilter' to urls: [/*]
2018-06-03 23:03:55.696  INFO 9260 --- [main] c.a.d.s.b.a.DruidDataSourceAutoConfigure : Init DruidDataSource
2018-06-03 23:03:55.992  INFO 9260 --- [main] com.alibaba.druid.pool.DruidDataSource   : {dataSource-1} inited
2018-06-03 23:03:56.652  INFO 9260 --- [main] o.s.w.s.handler.SimpleUrlHandlerMapping  : Mapped URL path [/**/favicon.ico] onto handler of type [class org.springframework.web.servlet.resource.ResourceHttpRequestHandler]
2018-06-03 23:03:56.933  INFO 9260 --- [main] s.w.s.m.m.a.RequestMappingHandlerAdapter : Looking for @ControllerAdvice: org.springframework.boot.web.servlet.context.AnnotationConfigServletWebServerApplicationContext@7b2bbc3: startup date [Sun Jun 03 23:03:53 GMT+08:00 2018]; root of context hierarchy
2018-06-03 23:03:57.003  INFO 9260 --- [main] s.w.s.m.m.a.RequestMappingHandlerMapping : Mapped "{[/upload],methods=[POST]}" onto public com.alibaba.fastjson.JSONObject com.common.project.controller.common.uploadController.upload(org.springframework.web.multipart.MultipartFile,javax.servlet.http.HttpServletRequest) throws java.io.IOException
2018-06-03 23:03:57.003  INFO 9260 --- [main] s.w.s.m.m.a.RequestMappingHandlerMapping : Mapped "{[/uploadDownload/uploadImage],methods=[POST]}" onto public com.alibaba.fastjson.JSONObject com.common.project.controller.common.UploadDownloadController.uploadImage(org.springframework.web.multipart.MultipartFile,javax.servlet.http.HttpServletRequest) throws java.lang.RuntimeException
2018-06-03 23:03:57.003  INFO 9260 --- [main] s.w.s.m.m.a.RequestMappingHandlerMapping : Mapped "{[/uploadDownload/downloadImage],methods=[GET]}" onto public java.lang.String com.common.project.controller.common.UploadDownloadController.downloadImage(java.lang.String,javax.servlet.http.HttpServletRequest,javax.servlet.http.HttpServletResponse)
2018-06-03 23:03:57.003  INFO 9260 --- [main] s.w.s.m.m.a.RequestMappingHandlerMapping : Mapped "{[/user/index]}" onto public java.util.List<com.common.project.entity.DO.User> com.common.project.controller.UserController.userIndex()
2018-06-03 23:03:57.013  INFO 9260 --- [main] s.w.s.m.m.a.RequestMappingHandlerMapping : Mapped "{[/error]}" onto public org.springframework.http.ResponseEntity<java.util.Map<java.lang.String, java.lang.Object>> org.springframework.boot.autoconfigure.web.servlet.error.BasicErrorController.error(javax.servlet.http.HttpServletRequest)
2018-06-03 23:03:57.013  INFO 9260 --- [main] s.w.s.m.m.a.RequestMappingHandlerMapping : Mapped "{[/error],produces=[text/html]}" onto public org.springframework.web.servlet.ModelAndView org.springframework.boot.autoconfigure.web.servlet.error.BasicErrorController.errorHtml(javax.servlet.http.HttpServletRequest,javax.servlet.http.HttpServletResponse)
2018-06-03 23:03:57.051  INFO 9260 --- [main] o.s.w.s.handler.SimpleUrlHandlerMapping  : Mapped URL path [/webjars/**] onto handler of type [class org.springframework.web.servlet.resource.ResourceHttpRequestHandler]
2018-06-03 23:03:57.051  INFO 9260 --- [main] o.s.w.s.handler.SimpleUrlHandlerMapping  : Mapped URL path [/**] onto handler of type [class org.springframework.web.servlet.resource.ResourceHttpRequestHandler]
2018-06-03 23:03:57.051  INFO 9260 --- [main] o.s.w.s.handler.SimpleUrlHandlerMapping  : Mapped URL path [/static/**] onto handler of type [class org.springframework.web.servlet.resource.ResourceHttpRequestHandler]
2018-06-03 23:03:57.051  INFO 9260 --- [main] o.s.w.s.handler.SimpleUrlHandlerMapping  : Mapped URL path [/***] onto handler of type [class org.springframework.web.servlet.resource.ResourceHttpRequestHandler]
2018-06-03 23:03:57.621  WARN 9260 --- [main] o.s.data.convert.CustomConversions       : Registering converter from class org.joda.time.LocalDateTime to class java.time.LocalDateTime as reading converter although it doesn't convert from a store-supported type! You might wanna check you annotation setup at the converter implementation.
2018-06-03 23:03:57.631  WARN 9260 --- [main] o.s.data.convert.CustomConversions       : Registering converter from class org.joda.time.LocalDateTime to class java.time.LocalDateTime as reading converter although it doesn't convert from a store-supported type! You might wanna check you annotation setup at the converter implementation.
2018-06-03 23:03:57.641  WARN 9260 --- [main] o.s.data.convert.CustomConversions       : Registering converter from class org.joda.time.LocalDateTime to class java.time.LocalDateTime as reading converter although it doesn't convert from a store-supported type! You might wanna check you annotation setup at the converter implementation.
2018-06-03 23:03:57.824  INFO 9260 --- [main] o.s.j.e.a.AnnotationMBeanExporter        : Registering beans for JMX exposure on startup
2018-06-03 23:03:57.826  INFO 9260 --- [main] o.s.j.e.a.AnnotationMBeanExporter        : Bean with name 'statFilter' has been autodetected for JMX exposure
2018-06-03 23:03:57.826  INFO 9260 --- [main] o.s.j.e.a.AnnotationMBeanExporter        : Bean with name 'dataSource' has been autodetected for JMX exposure
2018-06-03 23:03:57.836  INFO 9260 --- [main] o.s.j.e.a.AnnotationMBeanExporter        : Bean with name 'rabbitConnectionFactory' has been autodetected for JMX exposure
2018-06-03 23:03:57.840  INFO 9260 --- [main] o.s.j.e.a.AnnotationMBeanExporter        : Located MBean 'dataSource': registering with JMX server as MBean [com.alibaba.druid.spring.boot.autoconfigure:name=dataSource,type=DruidDataSourceWrapper]
2018-06-03 23:03:57.842  INFO 9260 --- [main] o.s.j.e.a.AnnotationMBeanExporter        : Located managed bean 'rabbitConnectionFactory': registering with JMX server as MBean [org.springframework.amqp.rabbit.connection:name=rabbitConnectionFactory,type=CachingConnectionFactory]
2018-06-03 23:03:57.872  INFO 9260 --- [main] o.s.j.e.a.AnnotationMBeanExporter        : Located MBean 'statFilter': registering with JMX server as MBean [com.alibaba.druid.filter.stat:name=statFilter,type=StatFilter]
2018-06-03 23:03:57.882  INFO 9260 --- [main] o.s.c.support.DefaultLifecycleProcessor  : Starting beans in phase 2147483647
2018-06-03 23:03:57.932  INFO 9260 --- [main] o.s.b.w.embedded.tomcat.TomcatWebServer  : Tomcat started on port(s): 8080 (http) with context path ''
2018-06-03 23:03:57.932  INFO 9260 --- [main] com.common.project.CommonApplication     : Started CommonApplication in 5.519 seconds (JVM running for 7.472)
2018-06-03 23:30:23.874  INFO 1544 --- [main] com.common.project.CommonApplication     : Starting CommonApplication on LAPTOP-S0ECN3OQ with PID 1544 (C:\Users\pangshaofei\git\common\target\classes started by pangshaofei in C:\Users\pangshaofei\git\common)
2018-06-03 23:30:23.888 DEBUG 1544 --- [main] com.common.project.CommonApplication     : Running with Spring Boot v2.0.2.RELEASE, Spring v5.0.6.RELEASE
2018-06-03 23:30:23.892  INFO 1544 --- [main] com.common.project.CommonApplication     : No active profile set, falling back to default profiles: default
2018-06-03 23:30:23.964  INFO 1544 --- [main] ConfigServletWebServerApplicationContext : Refreshing org.springframework.boot.web.servlet.context.AnnotationConfigServletWebServerApplicationContext@130d63be: startup date [Sun Jun 03 23:30:23 GMT+08:00 2018]; root of context hierarchy
2018-06-03 23:30:25.154  INFO 1544 --- [main] .s.d.r.c.RepositoryConfigurationDelegate : Multiple Spring Data modules found, entering strict repository configuration mode!
2018-06-03 23:30:25.661  INFO 1544 --- [main] trationDelegate$BeanPostProcessorChecker : Bean 'org.springframework.amqp.rabbit.annotation.RabbitBootstrapConfiguration' of type [org.springframework.amqp.rabbit.annotation.RabbitBootstrapConfiguration$$EnhancerBySpringCGLIB$$9e07128d] is not eligible for getting processed by all BeanPostProcessors (for example: not eligible for auto-proxying)
2018-06-03 23:30:25.729  INFO 1544 --- [main] trationDelegate$BeanPostProcessorChecker : Bean 'org.springframework.transaction.annotation.ProxyTransactionManagementConfiguration' of type [org.springframework.transaction.annotation.ProxyTransactionManagementConfiguration$$EnhancerBySpringCGLIB$$d79b545f] is not eligible for getting processed by all BeanPostProcessors (for example: not eligible for auto-proxying)
2018-06-03 23:30:26.116  INFO 1544 --- [main] o.s.b.w.embedded.tomcat.TomcatWebServer  : Tomcat initialized with port(s): 8080 (http)
2018-06-03 23:30:26.153  INFO 1544 --- [main] o.apache.catalina.core.StandardService   : Starting service [Tomcat]
2018-06-03 23:30:26.154  INFO 1544 --- [main] org.apache.catalina.core.StandardEngine  : Starting Servlet Engine: Apache Tomcat/8.5.31
2018-06-03 23:30:26.159  INFO 1544 --- [localhost-startStop-1] o.a.catalina.core.AprLifecycleListener   : The APR based Apache Tomcat Native library which allows optimal performance in production environments was not found on the java.library.path: [C:\Program Files\Java\jdk1.8.0_101\bin;C:\WINDOWS\Sun\Java\bin;C:\WINDOWS\system32;C:\WINDOWS;C:\ProgramData\Oracle\Java\javapath;C:\Program Files (x86)\Intel\iCLS Client\;C:\Program Files\Intel\iCLS Client\;C:\windows\system32;C:\windows;C:\windows\System32\Wbem;C:\windows\System32\WindowsPowerShell\v1.0\;C:\Program Files (x86)\Intel\Intel(R) Management Engine Components\DAL;C:\Program Files\Intel\Intel(R) Management Engine Components\DAL;C:\Program Files (x86)\Intel\Intel(R) Management Engine Components\IPT;C:\Program Files\Intel\Intel(R) Management Engine Components\IPT;C:\Program Files (x86)\NVIDIA Corporation\PhysX\Common;C:;C:\Program Files\Java\jdk1.8.0_101\bin;C:\Program Files\Java\jdk1.8.0_101\jre\bin;\Program Files\Intel\WiFi\bin\;C:\Program Files\Common Files\Intel\WirelessCommon\;D:\apache-maven-3.3.9\bin;C:\WINDOWS\system32;C:\WINDOWS;C:\WINDOWS\System32\Wbem;C:\WINDOWS\System32\WindowsPowerShell\v1.0\;D:\mysql-5.7.18-winx64\bin;C:\redis;D:\putty\;C:\Program Files\Intel\WiFi\bin\;C:\Program Files\nodejs\;C:\WINDOWS\System32\OpenSSH\;C:\Program Files\erl9.3\bin;C:\Users\pangshaofei\AppData\Local\Programs\Python\Python36\Scripts\;C:\Users\pangshaofei\AppData\Local\Programs\Python\Python36\;C:\Users\pangshaofei\AppData\Local\Microsoft\WindowsApps;C:\Users\pangshaofei\AppData\Roaming\npm;D:\Microsoft VS Code\bin;C:\hadoop-2.9.0\bin;C:\spark-2.3.0-bin-hadoop2.7\bin;;.]
2018-06-03 23:30:26.345  INFO 1544 --- [localhost-startStop-1] o.a.c.c.C.[Tomcat].[localhost].[/]       : Initializing Spring embedded WebApplicationContext
2018-06-03 23:30:26.347  INFO 1544 --- [localhost-startStop-1] o.s.web.context.ContextLoader            : Root WebApplicationContext: initialization completed in 2383 ms
2018-06-03 23:30:26.580  INFO 1544 --- [localhost-startStop-1] o.s.b.w.servlet.ServletRegistrationBean  : Servlet dispatcherServlet mapped to [/]
2018-06-03 23:30:26.582  INFO 1544 --- [localhost-startStop-1] o.s.b.w.servlet.ServletRegistrationBean  : Servlet statViewServlet mapped to [/druid/*]
2018-06-03 23:30:26.588  INFO 1544 --- [localhost-startStop-1] o.s.b.w.servlet.FilterRegistrationBean   : Mapping filter: 'characterEncodingFilter' to: [/*]
2018-06-03 23:30:26.591  INFO 1544 --- [localhost-startStop-1] o.s.b.w.servlet.FilterRegistrationBean   : Mapping filter: 'hiddenHttpMethodFilter' to: [/*]
2018-06-03 23:30:26.591  INFO 1544 --- [localhost-startStop-1] o.s.b.w.servlet.FilterRegistrationBean   : Mapping filter: 'httpPutFormContentFilter' to: [/*]
2018-06-03 23:30:26.591  INFO 1544 --- [localhost-startStop-1] o.s.b.w.servlet.FilterRegistrationBean   : Mapping filter: 'requestContextFilter' to: [/*]
2018-06-03 23:30:26.591  INFO 1544 --- [localhost-startStop-1] o.s.b.w.servlet.FilterRegistrationBean   : Mapping filter: 'webStatFilter' to urls: [/*]
2018-06-03 23:30:38.313  INFO 17276 --- [main] com.common.project.AmqpTest              : Starting AmqpTest on LAPTOP-S0ECN3OQ with PID 17276 (started by pangshaofei in C:\Users\pangshaofei\git\common)
2018-06-03 23:30:38.313 DEBUG 17276 --- [main] com.common.project.AmqpTest              : Running with Spring Boot v2.0.2.RELEASE, Spring v5.0.6.RELEASE
2018-06-03 23:30:38.313  INFO 17276 --- [main] com.common.project.AmqpTest              : No active profile set, falling back to default profiles: default
2018-06-03 23:30:38.413  INFO 17276 --- [main] o.s.w.c.s.GenericWebApplicationContext   : Refreshing org.springframework.web.context.support.GenericWebApplicationContext@6f63b475: startup date [Sun Jun 03 23:30:38 GMT+08:00 2018]; root of context hierarchy
2018-06-03 23:30:39.523  INFO 17276 --- [main] .s.d.r.c.RepositoryConfigurationDelegate : Multiple Spring Data modules found, entering strict repository configuration mode!
2018-06-03 23:30:40.063  INFO 17276 --- [main] trationDelegate$BeanPostProcessorChecker : Bean 'org.springframework.amqp.rabbit.annotation.RabbitBootstrapConfiguration' of type [org.springframework.amqp.rabbit.annotation.RabbitBootstrapConfiguration$$EnhancerBySpringCGLIB$$9b1c76b2] is not eligible for getting processed by all BeanPostProcessors (for example: not eligible for auto-proxying)
2018-06-03 23:30:40.143  INFO 17276 --- [main] trationDelegate$BeanPostProcessorChecker : Bean 'org.springframework.transaction.annotation.ProxyTransactionManagementConfiguration' of type [org.springframework.transaction.annotation.ProxyTransactionManagementConfiguration$$EnhancerBySpringCGLIB$$d4b0b884] is not eligible for getting processed by all BeanPostProcessors (for example: not eligible for auto-proxying)
2018-06-03 23:30:40.888  INFO 17276 --- [main] c.a.d.s.b.a.DruidDataSourceAutoConfigure : Init DruidDataSource
2018-06-03 23:30:41.161  INFO 17276 --- [main] com.alibaba.druid.pool.DruidDataSource   : {dataSource-1} inited
2018-06-03 23:30:42.502  INFO 17276 --- [main] o.s.w.s.handler.SimpleUrlHandlerMapping  : Mapped URL path [/**/favicon.ico] onto handler of type [class org.springframework.web.servlet.resource.ResourceHttpRequestHandler]
2018-06-03 23:30:42.972  INFO 17276 --- [main] s.w.s.m.m.a.RequestMappingHandlerAdapter : Looking for @ControllerAdvice: org.springframework.web.context.support.GenericWebApplicationContext@6f63b475: startup date [Sun Jun 03 23:30:38 GMT+08:00 2018]; root of context hierarchy
2018-06-03 23:30:43.102  INFO 17276 --- [main] s.w.s.m.m.a.RequestMappingHandlerMapping : Mapped "{[/upload],methods=[POST]}" onto public com.alibaba.fastjson.JSONObject com.common.project.controller.common.uploadController.upload(org.springframework.web.multipart.MultipartFile,javax.servlet.http.HttpServletRequest) throws java.io.IOException
2018-06-03 23:30:43.102  INFO 17276 --- [main] s.w.s.m.m.a.RequestMappingHandlerMapping : Mapped "{[/uploadDownload/downloadImage],methods=[GET]}" onto public java.lang.String com.common.project.controller.common.UploadDownloadController.downloadImage(java.lang.String,javax.servlet.http.HttpServletRequest,javax.servlet.http.HttpServletResponse)
2018-06-03 23:30:43.102  INFO 17276 --- [main] s.w.s.m.m.a.RequestMappingHandlerMapping : Mapped "{[/uploadDownload/uploadImage],methods=[POST]}" onto public com.alibaba.fastjson.JSONObject com.common.project.controller.common.UploadDownloadController.uploadImage(org.springframework.web.multipart.MultipartFile,javax.servlet.http.HttpServletRequest) throws java.lang.RuntimeException
2018-06-03 23:30:43.112  INFO 17276 --- [main] s.w.s.m.m.a.RequestMappingHandlerMapping : Mapped "{[/user/index]}" onto public java.util.List<com.common.project.entity.DO.User> com.common.project.controller.UserController.userIndex()
2018-06-03 23:30:43.112  INFO 17276 --- [main] s.w.s.m.m.a.RequestMappingHandlerMapping : Mapped "{[/error]}" onto public org.springframework.http.ResponseEntity<java.util.Map<java.lang.String, java.lang.Object>> org.springframework.boot.autoconfigure.web.servlet.error.BasicErrorController.error(javax.servlet.http.HttpServletRequest)
2018-06-03 23:30:43.112  INFO 17276 --- [main] s.w.s.m.m.a.RequestMappingHandlerMapping : Mapped "{[/error],produces=[text/html]}" onto public org.springframework.web.servlet.ModelAndView org.springframework.boot.autoconfigure.web.servlet.error.BasicErrorController.errorHtml(javax.servlet.http.HttpServletRequest,javax.servlet.http.HttpServletResponse)
2018-06-03 23:30:43.162  INFO 17276 --- [main] o.s.w.s.handler.SimpleUrlHandlerMapping  : Mapped URL path [/webjars/**] onto handler of type [class org.springframework.web.servlet.resource.ResourceHttpRequestHandler]
2018-06-03 23:30:43.162  INFO 17276 --- [main] o.s.w.s.handler.SimpleUrlHandlerMapping  : Mapped URL path [/**] onto handler of type [class org.springframework.web.servlet.resource.ResourceHttpRequestHandler]
2018-06-03 23:30:43.162  INFO 17276 --- [main] o.s.w.s.handler.SimpleUrlHandlerMapping  : Mapped URL path [/static/**] onto handler of type [class org.springframework.web.servlet.resource.ResourceHttpRequestHandler]
2018-06-03 23:30:43.162  INFO 17276 --- [main] o.s.w.s.handler.SimpleUrlHandlerMapping  : Mapped URL path [/***] onto handler of type [class org.springframework.web.servlet.resource.ResourceHttpRequestHandler]
2018-06-03 23:30:43.562  WARN 17276 --- [main] o.s.data.convert.CustomConversions       : Registering converter from class org.joda.time.LocalDateTime to class java.time.LocalDateTime as reading converter although it doesn't convert from a store-supported type! You might wanna check you annotation setup at the converter implementation.
2018-06-03 23:30:43.582  WARN 17276 --- [main] o.s.data.convert.CustomConversions       : Registering converter from class org.joda.time.LocalDateTime to class java.time.LocalDateTime as reading converter although it doesn't convert from a store-supported type! You might wanna check you annotation setup at the converter implementation.
2018-06-03 23:30:43.592  WARN 17276 --- [main] o.s.data.convert.CustomConversions       : Registering converter from class org.joda.time.LocalDateTime to class java.time.LocalDateTime as reading converter although it doesn't convert from a store-supported type! You might wanna check you annotation setup at the converter implementation.
2018-06-03 23:30:43.932  INFO 17276 --- [main] o.s.c.support.DefaultLifecycleProcessor  : Starting beans in phase 2147483647
2018-06-03 23:30:43.942  INFO 17276 --- [SimpleAsyncTaskExecutor-1] o.s.a.r.c.CachingConnectionFactory       : Attempting to connect to: [127.0.0.1:5672]
2018-06-03 23:30:44.122  INFO 17276 --- [SimpleAsyncTaskExecutor-1] o.s.a.r.c.CachingConnectionFactory       : Created new connection: rabbitConnectionFactory#64a9d48c:0/SimpleConnection@49c17d8f [delegate=amqp://guest@127.0.0.1:5672/, localPort= 61039]
2018-06-03 23:30:44.252  INFO 17276 --- [main] com.common.project.AmqpTest              : Started AmqpTest in 6.809 seconds (JVM running for 8.949)
2018-06-03 23:30:44.462  INFO 17276 --- [main] o.s.s.c.ThreadPoolTaskScheduler          : Initializing ExecutorService 
2018-06-03 23:30:44.472  INFO 17276 --- [main] .l.DirectReplyToMessageListenerContainer : Container initialized for queues: [amq.rabbitmq.reply-to]
2018-06-03 23:30:44.562  INFO 17276 --- [main] .l.DirectReplyToMessageListenerContainer : SimpleConsumer [queue=amq.rabbitmq.reply-to, consumerTag=amq.ctag-G1FJVI5Cd6rAo-qGcNa90w identity=6e243175] started
2018-06-03 23:30:44.592  INFO 17276 --- [AMQP Connection 127.0.0.1:5672] com.common.project.amqp.MessageSender    : >>>>>>> 消息id:4232faa3-a4d2-4741-ab7c-f9a3dec427da 发送成功
2018-06-03 23:30:44.592  INFO 17276 --- [SimpleAsyncTaskExecutor-1] com.common.project.amqp.MessageReceiver  : >>>>>>>>>>> receive：>>>>>>>> Hello World Second
2018-06-03 23:30:49.583  INFO 17276 --- [main] com.common.project.amqp.MessageSender    : >>>>>>>>>>> null
2018-06-03 23:30:49.603  INFO 17276 --- [Thread-3] o.s.w.c.s.GenericWebApplicationContext   : Closing org.springframework.web.context.support.GenericWebApplicationContext@6f63b475: startup date [Sun Jun 03 23:30:38 GMT+08:00 2018]; root of context hierarchy
2018-06-03 23:30:49.613  INFO 17276 --- [Thread-3] o.s.c.support.DefaultLifecycleProcessor  : Stopping beans in phase 2147483647
2018-06-03 23:30:49.643  INFO 17276 --- [Thread-3] o.s.a.r.l.SimpleMessageListenerContainer : Waiting for workers to finish.
2018-06-03 23:30:50.628  INFO 17276 --- [Thread-3] o.s.a.r.l.SimpleMessageListenerContainer : Successfully waited for workers to finish.
2018-06-03 23:30:50.628  INFO 17276 --- [Thread-3] o.s.a.r.l.SimpleMessageListenerContainer : Waiting for workers to finish.
2018-06-03 23:30:51.282  INFO 17276 --- [Thread-3] o.s.a.r.l.SimpleMessageListenerContainer : Successfully waited for workers to finish.
2018-06-03 23:30:51.282  INFO 17276 --- [Thread-3] o.s.c.support.DefaultLifecycleProcessor  : Stopping beans in phase 0
2018-06-03 23:30:51.282  INFO 17276 --- [Thread-3] .l.DirectReplyToMessageListenerContainer : Successfully waited for consumers to finish.
2018-06-03 23:30:51.282  INFO 17276 --- [Thread-3] o.s.s.c.ThreadPoolTaskScheduler          : Shutting down ExecutorService
2018-06-03 23:30:51.282  INFO 17276 --- [Thread-3] o.s.a.r.l.SimpleMessageListenerContainer : Shutdown ignored - container is not active already
2018-06-03 23:30:51.292  INFO 17276 --- [Thread-3] o.s.a.r.l.SimpleMessageListenerContainer : Shutdown ignored - container is not active already
2018-06-03 23:30:51.322  INFO 17276 --- [Thread-3] com.alibaba.druid.pool.DruidDataSource   : {dataSource-1} closed
2018-06-03 23:31:15.622  INFO 14460 --- [main] com.common.project.AmqpTest              : Starting AmqpTest on LAPTOP-S0ECN3OQ with PID 14460 (started by pangshaofei in C:\Users\pangshaofei\git\common)
2018-06-03 23:31:15.632 DEBUG 14460 --- [main] com.common.project.AmqpTest              : Running with Spring Boot v2.0.2.RELEASE, Spring v5.0.6.RELEASE
2018-06-03 23:31:15.642  INFO 14460 --- [main] com.common.project.AmqpTest              : No active profile set, falling back to default profiles: default
2018-06-03 23:31:15.782  INFO 14460 --- [main] o.s.w.c.s.GenericWebApplicationContext   : Refreshing org.springframework.web.context.support.GenericWebApplicationContext@6f63b475: startup date [Sun Jun 03 23:31:15 GMT+08:00 2018]; root of context hierarchy
2018-06-03 23:31:17.141  INFO 14460 --- [main] .s.d.r.c.RepositoryConfigurationDelegate : Multiple Spring Data modules found, entering strict repository configuration mode!
2018-06-03 23:31:17.741  INFO 14460 --- [main] trationDelegate$BeanPostProcessorChecker : Bean 'org.springframework.amqp.rabbit.annotation.RabbitBootstrapConfiguration' of type [org.springframework.amqp.rabbit.annotation.RabbitBootstrapConfiguration$$EnhancerBySpringCGLIB$$9b1c76b2] is not eligible for getting processed by all BeanPostProcessors (for example: not eligible for auto-proxying)
2018-06-03 23:31:17.821  INFO 14460 --- [main] trationDelegate$BeanPostProcessorChecker : Bean 'org.springframework.transaction.annotation.ProxyTransactionManagementConfiguration' of type [org.springframework.transaction.annotation.ProxyTransactionManagementConfiguration$$EnhancerBySpringCGLIB$$d4b0b884] is not eligible for getting processed by all BeanPostProcessors (for example: not eligible for auto-proxying)
2018-06-03 23:31:18.542  INFO 14460 --- [main] c.a.d.s.b.a.DruidDataSourceAutoConfigure : Init DruidDataSource
2018-06-03 23:31:18.802  INFO 14460 --- [main] com.alibaba.druid.pool.DruidDataSource   : {dataSource-1} inited
2018-06-03 23:31:19.922  INFO 14460 --- [main] o.s.w.s.handler.SimpleUrlHandlerMapping  : Mapped URL path [/**/favicon.ico] onto handler of type [class org.springframework.web.servlet.resource.ResourceHttpRequestHandler]
2018-06-03 23:31:20.382  INFO 14460 --- [main] s.w.s.m.m.a.RequestMappingHandlerAdapter : Looking for @ControllerAdvice: org.springframework.web.context.support.GenericWebApplicationContext@6f63b475: startup date [Sun Jun 03 23:31:15 GMT+08:00 2018]; root of context hierarchy
2018-06-03 23:31:20.492  INFO 14460 --- [main] s.w.s.m.m.a.RequestMappingHandlerMapping : Mapped "{[/upload],methods=[POST]}" onto public com.alibaba.fastjson.JSONObject com.common.project.controller.common.uploadController.upload(org.springframework.web.multipart.MultipartFile,javax.servlet.http.HttpServletRequest) throws java.io.IOException
2018-06-03 23:31:20.492  INFO 14460 --- [main] s.w.s.m.m.a.RequestMappingHandlerMapping : Mapped "{[/uploadDownload/uploadImage],methods=[POST]}" onto public com.alibaba.fastjson.JSONObject com.common.project.controller.common.UploadDownloadController.uploadImage(org.springframework.web.multipart.MultipartFile,javax.servlet.http.HttpServletRequest) throws java.lang.RuntimeException
2018-06-03 23:31:20.502  INFO 14460 --- [main] s.w.s.m.m.a.RequestMappingHandlerMapping : Mapped "{[/uploadDownload/downloadImage],methods=[GET]}" onto public java.lang.String com.common.project.controller.common.UploadDownloadController.downloadImage(java.lang.String,javax.servlet.http.HttpServletRequest,javax.servlet.http.HttpServletResponse)
2018-06-03 23:31:20.502  INFO 14460 --- [main] s.w.s.m.m.a.RequestMappingHandlerMapping : Mapped "{[/user/index]}" onto public java.util.List<com.common.project.entity.DO.User> com.common.project.controller.UserController.userIndex()
2018-06-03 23:31:20.502  INFO 14460 --- [main] s.w.s.m.m.a.RequestMappingHandlerMapping : Mapped "{[/error]}" onto public org.springframework.http.ResponseEntity<java.util.Map<java.lang.String, java.lang.Object>> org.springframework.boot.autoconfigure.web.servlet.error.BasicErrorController.error(javax.servlet.http.HttpServletRequest)
2018-06-03 23:31:20.502  INFO 14460 --- [main] s.w.s.m.m.a.RequestMappingHandlerMapping : Mapped "{[/error],produces=[text/html]}" onto public org.springframework.web.servlet.ModelAndView org.springframework.boot.autoconfigure.web.servlet.error.BasicErrorController.errorHtml(javax.servlet.http.HttpServletRequest,javax.servlet.http.HttpServletResponse)
2018-06-03 23:31:20.542  INFO 14460 --- [main] o.s.w.s.handler.SimpleUrlHandlerMapping  : Mapped URL path [/webjars/**] onto handler of type [class org.springframework.web.servlet.resource.ResourceHttpRequestHandler]
2018-06-03 23:31:20.542  INFO 14460 --- [main] o.s.w.s.handler.SimpleUrlHandlerMapping  : Mapped URL path [/**] onto handler of type [class org.springframework.web.servlet.resource.ResourceHttpRequestHandler]
2018-06-03 23:31:20.542  INFO 14460 --- [main] o.s.w.s.handler.SimpleUrlHandlerMapping  : Mapped URL path [/static/**] onto handler of type [class org.springframework.web.servlet.resource.ResourceHttpRequestHandler]
2018-06-03 23:31:20.542  INFO 14460 --- [main] o.s.w.s.handler.SimpleUrlHandlerMapping  : Mapped URL path [/***] onto handler of type [class org.springframework.web.servlet.resource.ResourceHttpRequestHandler]
2018-06-03 23:31:20.972  WARN 14460 --- [main] o.s.data.convert.CustomConversions       : Registering converter from class org.joda.time.LocalDateTime to class java.time.LocalDateTime as reading converter although it doesn't convert from a store-supported type! You might wanna check you annotation setup at the converter implementation.
2018-06-03 23:31:20.992  WARN 14460 --- [main] o.s.data.convert.CustomConversions       : Registering converter from class org.joda.time.LocalDateTime to class java.time.LocalDateTime as reading converter although it doesn't convert from a store-supported type! You might wanna check you annotation setup at the converter implementation.
2018-06-03 23:31:21.002  WARN 14460 --- [main] o.s.data.convert.CustomConversions       : Registering converter from class org.joda.time.LocalDateTime to class java.time.LocalDateTime as reading converter although it doesn't convert from a store-supported type! You might wanna check you annotation setup at the converter implementation.
2018-06-03 23:31:21.322  INFO 14460 --- [main] o.s.c.support.DefaultLifecycleProcessor  : Starting beans in phase 2147483647
2018-06-03 23:31:21.342  INFO 14460 --- [SimpleAsyncTaskExecutor-1] o.s.a.r.c.CachingConnectionFactory       : Attempting to connect to: [127.0.0.1:5672]
2018-06-03 23:31:21.442  INFO 14460 --- [SimpleAsyncTaskExecutor-1] o.s.a.r.c.CachingConnectionFactory       : Created new connection: rabbitConnectionFactory#64a9d48c:0/SimpleConnection@6c6fb842 [delegate=amqp://guest@127.0.0.1:5672/, localPort= 61053]
2018-06-03 23:31:21.572  INFO 14460 --- [main] com.common.project.AmqpTest              : Started AmqpTest in 6.65 seconds (JVM running for 8.387)
2018-06-03 23:31:21.772  INFO 14460 --- [main] com.common.project.amqp.MessageSender    : >>>>>>>>>> Already sent message
2018-06-03 23:31:21.782  INFO 14460 --- [Thread-3] o.s.w.c.s.GenericWebApplicationContext   : Closing org.springframework.web.context.support.GenericWebApplicationContext@6f63b475: startup date [Sun Jun 03 23:31:15 GMT+08:00 2018]; root of context hierarchy
2018-06-03 23:31:21.782  INFO 14460 --- [Thread-3] o.s.c.support.DefaultLifecycleProcessor  : Stopping beans in phase 2147483647
2018-06-03 23:31:21.782  INFO 14460 --- [AMQP Connection 127.0.0.1:5672] com.common.project.amqp.MessageSender    : >>>>>>> 消息id:87fe5622-1131-40e8-a9f7-674fb368eb2d 发送成功
2018-06-03 23:31:21.792  INFO 14460 --- [SimpleAsyncTaskExecutor-1] com.common.project.amqp.MessageReceiver  : >>>>>>>>>>> receive：>>>>>> Hello World
2018-06-03 23:31:21.792  INFO 14460 --- [Thread-3] o.s.a.r.l.SimpleMessageListenerContainer : Waiting for workers to finish.
2018-06-03 23:31:21.792  INFO 14460 --- [Thread-3] o.s.a.r.l.SimpleMessageListenerContainer : Successfully waited for workers to finish.
2018-06-03 23:31:21.802  INFO 14460 --- [Thread-3] o.s.a.r.l.SimpleMessageListenerContainer : Waiting for workers to finish.
2018-06-03 23:31:22.572  INFO 14460 --- [Thread-3] o.s.a.r.l.SimpleMessageListenerContainer : Successfully waited for workers to finish.
2018-06-03 23:31:22.572  INFO 14460 --- [Thread-3] o.s.c.support.DefaultLifecycleProcessor  : Stopping beans in phase 0
2018-06-03 23:31:22.572  INFO 14460 --- [Thread-3] o.s.a.r.l.SimpleMessageListenerContainer : Shutdown ignored - container is not active already
2018-06-03 23:31:22.572  INFO 14460 --- [Thread-3] o.s.a.r.l.SimpleMessageListenerContainer : Shutdown ignored - container is not active already
2018-06-03 23:31:22.602  INFO 14460 --- [Thread-3] com.alibaba.druid.pool.DruidDataSource   : {dataSource-1} closed
